<?xml version="1.0" encoding="UTF-8"?>
<!-- Generated by org.testng.reporters.JUnitReportReporter -->
<testsuite hostname="DESKTOP-KV3D9BQ" failures="0" tests="1" name="com.saucedemo.testscripts.VerifyLockedOutUserMessageTest" time="0.312" errors="0" timestamp="2023-05-29T22:15:12 EDT" skipped="0">
  <testcase classname="com.saucedemo.testscripts.VerifyLockedOutUserMessageTest" name="VerifyLockedOutUserMessage" time="0.312"/>
  <system-out/>
</testsuite> <!-- com.saucedemo.testscripts.VerifyLockedOutUserMessageTest -->
