<?xml version="1.0" encoding="UTF-8"?>
<!-- Generated by org.testng.reporters.JUnitReportReporter -->
<testsuite hostname="DESKTOP-KV3D9BQ" failures="0" tests="1" name="com.saucedemo.testscripts.VerifyLockedOutUserErrorMessageTest" time="0.322" errors="0" timestamp="2023-05-31T14:49:37 EDT" skipped="0">
  <testcase classname="com.saucedemo.testscripts.VerifyLockedOutUserErrorMessageTest" name="VerifyLockedOutUserMessage" time="0.322"/>
  <system-out/>
</testsuite> <!-- com.saucedemo.testscripts.VerifyLockedOutUserErrorMessageTest -->
