<?xml version="1.0" encoding="UTF-8"?>
<!-- Generated by org.testng.reporters.JUnitReportReporter -->
<testsuite hostname="DESKTOP-KV3D9BQ" failures="0" tests="1" name="com.saucedemo.testscripts.BuyMostExpensiveAndThirdProductsTest" time="1.278" errors="0" timestamp="2023-05-31T14:49:37 EDT" skipped="0">
  <testcase classname="com.saucedemo.testscripts.BuyMostExpensiveAndThirdProductsTest" name="BuyMostExpensiveAndThirdProducts" time="1.278"/>
  <system-out/>
</testsuite> <!-- com.saucedemo.testscripts.BuyMostExpensiveAndThirdProductsTest -->
